# JRE version: OpenJDK Runtime Environment (17.0.6) (build 17.0.6+0-b2043.56-10027231)
# Java VM: OpenJDK 64-Bit Server VM (17.0.6+0-b2043.56-10027231, mixed mode, tiered, compressed oops, compressed class ptrs, g1 gc, windows-amd64)
GC Precious Log:
 CPUs: 8 total, 8 available
 Memory: 16221M
 Large Page Support: Disabled
 NUMA Support: Disabled
 Compressed Oops: Enabled (32-bit)
 Heap Region Size: 1M
 Heap Min Capacity: 8M
 Heap Initial Capacity: 254M
 Heap Max Capacity: 2G
 Pre-touch: Disabled
 Parallel Workers: 8
 Concurrent Workers: 2
 Concurrent Refinement Workers: 8
 Periodic GC: Disabled
Heap:
 garbage-first heap   total 440320K, used 276768K [0x0000000080000000, 0x0000000100000000)
  region size 1024K, 161 young (164864K), 16 survivors (16384K)
 Metaspace       used 114187K, committed 114944K, reserved 1155072K
  class space    used 14679K, committed 15040K, reserved 1048576K
GC Heap History (20 events):
Event: 11.846 GC heap before
{Heap before GC invocations=36 (full 0):
 garbage-first heap   total 153600K, used 118807K [0x0000000080000000, 0x0000000100000000)
  region size 1024K, 37 young (37888K), 5 survivors (5120K)
 Metaspace       used 86271K, committed 86912K, reserved 1130496K
  class space    used 11541K, committed 11840K, reserved 1048576K
}
Event: 11.854 GC heap after
{Heap after GC invocations=37 (full 0):
 garbage-first heap   total 153600K, used 95221K [0x0000000080000000, 0x0000000100000000)
  region size 1024K, 5 young (5120K), 5 survivors (5120K)
 Metaspace       used 86271K, committed 86912K, reserved 1130496K
  class space    used 11541K, committed 11840K, reserved 1048576K
}
Event: 11.866 GC heap before
{Heap before GC invocations=37 (full 0):
 garbage-first heap   total 153600K, used 97269K [0x0000000080000000, 0x0000000100000000)
  region size 1024K, 7 young (7168K), 5 survivors (5120K)
 Metaspace       used 86284K, committed 86912K, reserved 1130496K
  class space    used 11543K, committed 11840K, reserved 1048576K
}
Event: 11.873 GC heap after
{Heap after GC invocations=38 (full 0):
 garbage-first heap   total 188416K, used 96918K [0x0000000080000000, 0x0000000100000000)
  region size 1024K, 1 young (1024K), 1 survivors (1024K)
 Metaspace       used 86284K, committed 86912K, reserved 1130496K
  class space    used 11543K, committed 11840K, reserved 1048576K
}
Event: 12.121 GC heap before
{Heap before GC invocations=38 (full 0):
 garbage-first heap   total 188416K, used 124566K [0x0000000080000000, 0x0000000100000000)
  region size 1024K, 29 young (29696K), 1 survivors (1024K)
 Metaspace       used 87046K, committed 87744K, reserved 1130496K
  class space    used 11625K, committed 11968K, reserved 1048576K
}
Event: 12.126 GC heap after
{Heap after GC invocations=39 (full 0):
 garbage-first heap   total 188416K, used 105243K [0x0000000080000000, 0x0000000100000000)
  region size 1024K, 6 young (6144K), 6 survivors (6144K)
 Metaspace       used 87046K, committed 87744K, reserved 1130496K
  class space    used 11625K, committed 11968K, reserved 1048576K
}
Event: 12.520 GC heap before
{Heap before GC invocations=40 (full 0):
 garbage-first heap   total 198656K, used 148251K [0x0000000080000000, 0x0000000100000000)
  region size 1024K, 40 young (40960K), 6 survivors (6144K)
 Metaspace       used 89195K, committed 89856K, reserved 1130496K
  class space    used 11911K, committed 12224K, reserved 1048576K
}
Event: 12.525 GC heap after
{Heap after GC invocations=41 (full 0):
 garbage-first heap   total 198656K, used 107865K [0x0000000080000000, 0x0000000100000000)
  region size 1024K, 3 young (3072K), 3 survivors (3072K)
 Metaspace       used 89195K, committed 89856K, reserved 1130496K
  class space    used 11911K, committed 12224K, reserved 1048576K
}
Event: 12.543 GC heap before
{Heap before GC invocations=41 (full 0):
 garbage-first heap   total 198656K, used 114009K [0x0000000080000000, 0x0000000100000000)
  region size 1024K, 9 young (9216K), 3 survivors (3072K)
 Metaspace       used 89195K, committed 89856K, reserved 1130496K
  class space    used 11911K, committed 12224K, reserved 1048576K
}
Event: 12.546 GC heap after
{Heap after GC invocations=42 (full 0):
 garbage-first heap   total 198656K, used 107588K [0x0000000080000000, 0x0000000100000000)
  region size 1024K, 1 young (1024K), 1 survivors (1024K)
 Metaspace       used 89195K, committed 89856K, reserved 1130496K
  class space    used 11911K, committed 12224K, reserved 1048576K
}
Event: 12.693 GC heap before
{Heap before GC invocations=42 (full 0):
 garbage-first heap   total 198656K, used 150596K [0x0000000080000000, 0x0000000100000000)
  region size 1024K, 43 young (44032K), 1 survivors (1024K)
 Metaspace       used 89283K, committed 89920K, reserved 1130496K
  class space    used 11917K, committed 12224K, reserved 1048576K
}
Event: 12.695 GC heap after
{Heap after GC invocations=43 (full 0):
 garbage-first heap   total 198656K, used 109189K [0x0000000080000000, 0x0000000100000000)
  region size 1024K, 2 young (2048K), 2 survivors (2048K)
 Metaspace       used 89283K, committed 89920K, reserved 1130496K
  class space    used 11917K, committed 12224K, reserved 1048576K
}
Event: 13.449 GC heap before
{Heap before GC invocations=44 (full 0):
 garbage-first heap   total 198656K, used 170629K [0x0000000080000000, 0x0000000100000000)
  region size 1024K, 46 young (47104K), 2 survivors (2048K)
 Metaspace       used 93259K, committed 93888K, reserved 1138688K
  class space    used 12320K, committed 12608K, reserved 1048576K
}
Event: 13.457 GC heap after
{Heap after GC invocations=45 (full 0):
 garbage-first heap   total 198656K, used 112267K [0x0000000080000000, 0x0000000100000000)
  region size 1024K, 5 young (5120K), 5 survivors (5120K)
 Metaspace       used 93259K, committed 93888K, reserved 1138688K
  class space    used 12320K, committed 12608K, reserved 1048576K
}
Event: 13.498 GC heap before
{Heap before GC invocations=45 (full 0):
 garbage-first heap   total 198656K, used 115339K [0x0000000080000000, 0x0000000100000000)
  region size 1024K, 9 young (9216K), 5 survivors (5120K)
 Metaspace       used 93315K, committed 93952K, reserved 1138688K
  class space    used 12324K, committed 12608K, reserved 1048576K
}
Event: 13.504 GC heap after
{Heap after GC invocations=46 (full 0):
 garbage-first heap   total 198656K, used 112041K [0x0000000080000000, 0x0000000100000000)
  region size 1024K, 1 young (1024K), 1 survivors (1024K)
 Metaspace       used 93315K, committed 93952K, reserved 1138688K
  class space    used 12324K, committed 12608K, reserved 1048576K
}
Event: 13.834 GC heap before
{Heap before GC invocations=46 (full 0):
 garbage-first heap   total 198656K, used 156073K [0x0000000080000000, 0x0000000100000000)
  region size 1024K, 45 young (46080K), 1 survivors (1024K)
 Metaspace       used 95225K, committed 95872K, reserved 1138688K
  class space    used 12477K, committed 12800K, reserved 1048576K
}
Event: 13.841 GC heap after
{Heap after GC invocations=47 (full 0):
 garbage-first heap   total 440320K, used 117080K [0x0000000080000000, 0x0000000100000000)
  region size 1024K, 6 young (6144K), 6 survivors (6144K)
 Metaspace       used 95225K, committed 95872K, reserved 1138688K
  class space    used 12477K, committed 12800K, reserved 1048576K
}
Event: 18.021 GC heap before
{Heap before GC invocations=47 (full 0):
 garbage-first heap   total 440320K, used 313688K [0x0000000080000000, 0x0000000100000000)
  region size 1024K, 199 young (203776K), 6 survivors (6144K)
 Metaspace       used 101838K, committed 102528K, reserved 1138688K
  class space    used 13273K, committed 13568K, reserved 1048576K
}
Event: 18.035 GC heap after
{Heap after GC invocations=48 (full 0):
 garbage-first heap   total 440320K, used 127264K [0x0000000080000000, 0x0000000100000000)
  region size 1024K, 16 young (16384K), 16 survivors (16384K)
 Metaspace       used 101838K, committed 102528K, reserved 1138688K
  class space    used 13273K, committed 13568K, reserved 1048576K
}

